[ 2014-02-02T13:17:13+08:00 ] ERR: (ThinkException) 无法加载模块
[ 2014-02-02T13:17:13+08:00 ] ERR: (ThinkException) 无法加载模块
[ 2014-02-02T13:17:13+08:00 ] ERR: (ThinkException) 无法加载模块
[ 2014-02-02T13:17:37+08:00 ] ERR: (ThinkException) 无法加载模块
[ 2014-02-02T13:17:37+08:00 ] ERR: (ThinkException) 无法加载模块
[ 2014-02-02T13:17:37+08:00 ] ERR: (ThinkException) 无法加载模块
[ 2014-02-02T13:17:42+08:00 ] ERR: (ThinkException) 无法加载模块
[ 2014-02-02T13:17:42+08:00 ] ERR: (ThinkException) 无法加载模块
[ 2014-02-02T13:17:42+08:00 ] ERR: (ThinkException) 无法加载模块
[ 2014-02-02T13:17:51+08:00 ] ERR: (ThinkException) 无法加载模块
[ 2014-02-02T13:17:51+08:00 ] ERR: (ThinkException) 无法加载模块
[ 2014-02-02T13:17:51+08:00 ] ERR: (ThinkException) 无法加载模块
[ 2014-02-02T14:15:08+08:00 ] ERR: (ThinkException) 无法加载模块
[ 2014-02-02T14:15:08+08:00 ] ERR: (ThinkException) 无法加载模块
[ 2014-02-02T14:15:08+08:00 ] ERR: (ThinkException) 无法加载模块
[ 2014-02-02T14:17:09+08:00 ] ERR: (ThinkException) 无法加载模块
[ 2014-02-02T14:17:09+08:00 ] ERR: (ThinkException) 无法加载模块
[ 2014-02-02T14:17:09+08:00 ] ERR: (ThinkException) 无法加载模块
[ 2014-02-02T14:19:41+08:00 ] ERR: (ThinkException) 无法加载模块
[ 2014-02-02T14:19:41+08:00 ] ERR: (ThinkException) 无法加载模块
[ 2014-02-02T14:19:41+08:00 ] ERR: (ThinkException) 无法加载模块
[ 2014-02-02T14:20:12+08:00 ] ERR: (ThinkException) 非法操作newpositionhandler
[ 2014-02-02T14:20:40+08:00 ] ERR: (ThinkException) 无法加载模块
[ 2014-02-02T14:20:40+08:00 ] ERR: (ThinkException) 无法加载模块
[ 2014-02-02T14:20:40+08:00 ] ERR: (ThinkException) 无法加载模块
[ 2014-02-02T14:20:44+08:00 ] ERR: (ThinkException) 无法加载模块
[ 2014-02-02T14:20:44+08:00 ] ERR: (ThinkException) 无法加载模块
[ 2014-02-02T14:20:44+08:00 ] ERR: (ThinkException) 无法加载模块
[ 2014-02-02T14:22:03+08:00 ] ERR: (ThinkException) 无法加载模块
[ 2014-02-02T14:22:03+08:00 ] ERR: (ThinkException) 无法加载模块
[ 2014-02-02T14:22:03+08:00 ] ERR: (ThinkException) 无法加载模块
[ 2014-02-02T14:22:08+08:00 ] ERR: (ThinkException) 无法加载模块
[ 2014-02-02T14:22:08+08:00 ] ERR: (ThinkException) 无法加载模块
[ 2014-02-02T14:22:08+08:00 ] ERR: (ThinkException) 无法加载模块
[ 2014-02-02T14:25:55+08:00 ] ERR: (ThinkException) 无法加载模块
[ 2014-02-02T14:25:55+08:00 ] ERR: (ThinkException) 无法加载模块
[ 2014-02-02T14:25:55+08:00 ] ERR: (ThinkException) 无法加载模块
[ 2014-02-02T14:32:31+08:00 ] ERR: (ThinkException) 无法加载模块
[ 2014-02-02T14:32:31+08:00 ] ERR: (ThinkException) 无法加载模块
[ 2014-02-02T14:32:31+08:00 ] ERR: (ThinkException) 无法加载模块
[ 2014-02-02T14:46:41+08:00 ] ERR: (ThinkException) 非法操作editposition/id/2
[ 2014-02-02T14:46:54+08:00 ] ERR: (ThinkException) 无法加载模块
[ 2014-02-02T14:46:54+08:00 ] ERR: (ThinkException) 无法加载模块
[ 2014-02-02T14:46:54+08:00 ] ERR: (ThinkException) 无法加载模块
[ 2014-02-02T14:52:39+08:00 ] ERR: (ThinkException) 无法加载模块
[ 2014-02-02T14:52:39+08:00 ] ERR: (ThinkException) 无法加载模块
[ 2014-02-02T14:52:39+08:00 ] ERR: (ThinkException) 无法加载模块
[ 2014-02-02T14:52:58+08:00 ] ERR: (ThinkException) 无法加载模块
[ 2014-02-02T14:52:58+08:00 ] ERR: (ThinkException) 无法加载模块
[ 2014-02-02T14:52:58+08:00 ] ERR: (ThinkException) 无法加载模块
[ 2014-02-02T14:53:02+08:00 ] ERR: (ThinkException) 无法加载模块
[ 2014-02-02T14:53:02+08:00 ] ERR: (ThinkException) 无法加载模块
[ 2014-02-02T14:53:02+08:00 ] ERR: (ThinkException) 无法加载模块
[ 2014-02-02T14:53:16+08:00 ] ERR: (ThinkException) 无法加载模块
[ 2014-02-02T14:53:16+08:00 ] ERR: (ThinkException) 无法加载模块
[ 2014-02-02T14:53:16+08:00 ] ERR: (ThinkException) 无法加载模块
[ 2014-02-02T14:53:20+08:00 ] ERR: (ThinkException) 无法加载模块
[ 2014-02-02T14:53:20+08:00 ] ERR: (ThinkException) 无法加载模块
[ 2014-02-02T14:53:20+08:00 ] ERR: (ThinkException) 无法加载模块
[ 2014-02-02T14:53:54+08:00 ] ERR: (ThinkException) 无法加载模块
[ 2014-02-02T14:53:54+08:00 ] ERR: (ThinkException) 无法加载模块
[ 2014-02-02T14:53:54+08:00 ] ERR: (ThinkException) 无法加载模块
[ 2014-02-02T14:54:21+08:00 ] ERR: (ThinkException) 无法加载模块
[ 2014-02-02T14:54:21+08:00 ] ERR: (ThinkException) 无法加载模块
[ 2014-02-02T14:54:21+08:00 ] ERR: (ThinkException) 无法加载模块
[ 2014-02-02T14:54:43+08:00 ] ERR: (ThinkException) 无法加载模块
[ 2014-02-02T14:54:43+08:00 ] ERR: (ThinkException) 无法加载模块
[ 2014-02-02T14:54:43+08:00 ] ERR: (ThinkException) 无法加载模块
[ 2014-02-02T14:54:55+08:00 ] ERR: (ThinkException) 无法加载模块
[ 2014-02-02T14:54:55+08:00 ] ERR: (ThinkException) 无法加载模块
[ 2014-02-02T14:54:55+08:00 ] ERR: (ThinkException) 无法加载模块
[ 2014-02-02T14:54:58+08:00 ] ERR: (ThinkException) 无法加载模块
[ 2014-02-02T14:54:58+08:00 ] ERR: (ThinkException) 无法加载模块
[ 2014-02-02T14:54:58+08:00 ] ERR: (ThinkException) 无法加载模块
[ 2014-02-02T14:55:11+08:00 ] ERR: (ThinkException) 无法加载模块
[ 2014-02-02T14:55:11+08:00 ] ERR: (ThinkException) 无法加载模块
[ 2014-02-02T14:55:11+08:00 ] ERR: (ThinkException) 无法加载模块
[ 2014-02-02T14:55:37+08:00 ] ERR: (ThinkException) 无法加载模块
[ 2014-02-02T14:55:37+08:00 ] ERR: (ThinkException) 无法加载模块
[ 2014-02-02T14:55:37+08:00 ] ERR: (ThinkException) 无法加载模块
[ 2014-02-02T14:56:07+08:00 ] ERR: (ThinkException) 无法加载模块
[ 2014-02-02T14:56:07+08:00 ] ERR: (ThinkException) 无法加载模块
[ 2014-02-02T14:56:07+08:00 ] ERR: (ThinkException) 无法加载模块
[ 2014-02-02T14:58:19+08:00 ] ERR: (ThinkException) 无法加载模块
[ 2014-02-02T14:58:19+08:00 ] ERR: (ThinkException) 无法加载模块
[ 2014-02-02T14:58:19+08:00 ] ERR: (ThinkException) 无法加载模块
[ 2014-02-02T14:58:21+08:00 ] ERR: (ThinkException) 无法加载模块
[ 2014-02-02T14:58:44+08:00 ] ERR: (ThinkException) 无法加载模块
[ 2014-02-02T14:58:44+08:00 ] ERR: (ThinkException) 无法加载模块
[ 2014-02-02T14:58:44+08:00 ] ERR: (ThinkException) 无法加载模块
[ 2014-02-02T15:00:06+08:00 ] ERR: (ThinkException) 无法加载模块
[ 2014-02-02T15:00:06+08:00 ] ERR: (ThinkException) 无法加载模块
[ 2014-02-02T15:00:07+08:00 ] ERR: (ThinkException) 无法加载模块
[ 2014-02-02T15:00:08+08:00 ] ERR: (ThinkException) 无法加载模块
[ 2014-02-02T15:01:26+08:00 ] ERR: (ThinkException) 无法加载模块
[ 2014-02-02T15:01:26+08:00 ] ERR: (ThinkException) 无法加载模块
[ 2014-02-02T15:01:26+08:00 ] ERR: (ThinkException) 无法加载模块
[ 2014-02-02T15:01:27+08:00 ] ERR: (ThinkException) 无法加载模块
[ 2014-02-02T15:02:37+08:00 ] ERR: (ThinkException) 无法加载模块
[ 2014-02-02T15:02:37+08:00 ] ERR: (ThinkException) 无法加载模块
[ 2014-02-02T15:02:37+08:00 ] ERR: (ThinkException) 无法加载模块
[ 2014-02-02T15:02:38+08:00 ] ERR: (ThinkException) 无法加载模块
[ 2014-02-02T15:09:20+08:00 ] ERR: (ThinkException) 无法加载模块
[ 2014-02-02T15:09:20+08:00 ] ERR: (ThinkException) 无法加载模块
[ 2014-02-02T15:09:20+08:00 ] ERR: (ThinkException) 无法加载模块
[ 2014-02-02T15:09:21+08:00 ] ERR: (ThinkException) 无法加载模块
[ 2014-02-02T15:09:35+08:00 ] ERR: (ThinkException) 无法加载模块
[ 2014-02-02T15:09:35+08:00 ] ERR: (ThinkException) 无法加载模块
[ 2014-02-02T15:09:35+08:00 ] ERR: (ThinkException) 无法加载模块
[ 2014-02-02T15:09:36+08:00 ] ERR: (ThinkException) 无法加载模块
[ 2014-02-02T15:09:58+08:00 ] ERR: (ThinkException) 无法加载模块
[ 2014-02-02T15:09:58+08:00 ] ERR: (ThinkException) 无法加载模块
[ 2014-02-02T15:09:58+08:00 ] ERR: (ThinkException) 无法加载模块
[ 2014-02-02T15:11:18+08:00 ] ERR: (ThinkException) 无法加载模块
[ 2014-02-02T15:11:18+08:00 ] ERR: (ThinkException) 无法加载模块
[ 2014-02-02T15:11:18+08:00 ] ERR: (ThinkException) 无法加载模块
[ 2014-02-02T15:11:19+08:00 ] ERR: (ThinkException) 无法加载模块
[ 2014-02-02T15:11:33+08:00 ] ERR: (ThinkException) 无法加载模块
[ 2014-02-02T15:11:33+08:00 ] ERR: (ThinkException) 无法加载模块
[ 2014-02-02T15:11:33+08:00 ] ERR: (ThinkException) 无法加载模块
[ 2014-02-02T15:11:56+08:00 ] ERR: (ThinkException) 无法加载模块
[ 2014-02-02T15:11:56+08:00 ] ERR: (ThinkException) 无法加载模块
[ 2014-02-02T15:11:56+08:00 ] ERR: (ThinkException) 无法加载模块
[ 2014-02-02T15:12:12+08:00 ] ERR: (ThinkException) 无法加载模块
[ 2014-02-02T15:12:12+08:00 ] ERR: (ThinkException) 无法加载模块
[ 2014-02-02T15:12:12+08:00 ] ERR: (ThinkException) 无法加载模块
[ 2014-02-02T15:12:48+08:00 ] ERR: (ThinkException) 无法加载模块
[ 2014-02-02T15:12:48+08:00 ] ERR: (ThinkException) 无法加载模块
[ 2014-02-02T15:12:48+08:00 ] ERR: (ThinkException) 无法加载模块
[ 2014-02-02T15:12:59+08:00 ] ERR: (ThinkException) 无法加载模块
[ 2014-02-02T15:12:59+08:00 ] ERR: (ThinkException) 无法加载模块
[ 2014-02-02T15:12:59+08:00 ] ERR: (ThinkException) 无法加载模块
[ 2014-02-02T15:14:08+08:00 ] ERR: (ThinkException) 无法加载模块
[ 2014-02-02T15:14:08+08:00 ] ERR: (ThinkException) 无法加载模块
[ 2014-02-02T15:14:08+08:00 ] ERR: (ThinkException) 无法加载模块
[ 2014-02-02T15:15:09+08:00 ] ERR: (ThinkException) 无法加载模块
[ 2014-02-02T15:15:09+08:00 ] ERR: (ThinkException) 无法加载模块
[ 2014-02-02T15:15:09+08:00 ] ERR: (ThinkException) 无法加载模块
[ 2014-02-02T15:31:02+08:00 ] ERR: (ThinkException) 无法加载模块
[ 2014-02-02T15:31:02+08:00 ] ERR: (ThinkException) 无法加载模块
[ 2014-02-02T15:31:02+08:00 ] ERR: (ThinkException) 无法加载模块
[ 2014-02-02T15:31:02+08:00 ] ERR: (ThinkException) 无法加载模块
[ 2014-02-02T15:48:05+08:00 ] ERR: (ThinkException) 无法加载模块
[ 2014-02-02T15:49:20+08:00 ] ERR: (ThinkException) 无法加载模块
[ 2014-02-02T15:49:20+08:00 ] ERR: (ThinkException) 无法加载模块
[ 2014-02-02T15:49:20+08:00 ] ERR: (ThinkException) 无法加载模块
[ 2014-02-02T15:49:20+08:00 ] ERR: (ThinkException) 无法加载模块
[ 2014-02-02T15:49:40+08:00 ] ERR: (ThinkException) 无法加载模块
[ 2014-02-02T15:49:40+08:00 ] ERR: (ThinkException) 无法加载模块
[ 2014-02-02T15:49:40+08:00 ] ERR: (ThinkException) 无法加载模块
[ 2014-02-02T19:27:56+08:00 ] ERR: (ThinkException) 无法加载模块
[ 2014-02-02T19:27:56+08:00 ] ERR: (ThinkException) 无法加载模块
[ 2014-02-02T19:27:56+08:00 ] ERR: (ThinkException) 无法加载模块
[ 2014-02-02T19:28:18+08:00 ] ERR: (ThinkException) 无法加载模块
[ 2014-02-02T19:28:18+08:00 ] ERR: (ThinkException) 无法加载模块
[ 2014-02-02T19:28:18+08:00 ] ERR: (ThinkException) 无法加载模块
[ 2014-02-02T19:33:42+08:00 ] ERR: (ThinkException) 无法加载模块
[ 2014-02-02T19:33:42+08:00 ] ERR: (ThinkException) 无法加载模块
[ 2014-02-02T19:33:42+08:00 ] ERR: (ThinkException) 无法加载模块
[ 2014-02-02T19:34:12+08:00 ] ERR: (ThinkException) 无法加载模块
[ 2014-02-02T19:34:12+08:00 ] ERR: (ThinkException) 无法加载模块
[ 2014-02-02T19:34:12+08:00 ] ERR: (ThinkException) 无法加载模块
[ 2014-02-02T19:34:13+08:00 ] ERR: (ThinkException) 无法加载模块
[ 2014-02-02T19:34:39+08:00 ] ERR: (ThinkException) 无法加载模块
[ 2014-02-02T19:34:39+08:00 ] ERR: (ThinkException) 无法加载模块
[ 2014-02-02T19:34:39+08:00 ] ERR: (ThinkException) 无法加载模块
[ 2014-02-02T19:34:46+08:00 ] ERR: (ThinkException) 无法加载模块
[ 2014-02-02T19:34:46+08:00 ] ERR: (ThinkException) 无法加载模块
[ 2014-02-02T19:34:46+08:00 ] ERR: (ThinkException) 无法加载模块
[ 2014-02-02T19:34:54+08:00 ] ERR: (ThinkException) 无法加载模块
[ 2014-02-02T19:34:54+08:00 ] ERR: (ThinkException) 无法加载模块
[ 2014-02-02T19:34:54+08:00 ] ERR: (ThinkException) 无法加载模块
[ 2014-02-02T19:35:10+08:00 ] ERR: (ThinkException) 无法加载模块
[ 2014-02-02T19:35:10+08:00 ] ERR: (ThinkException) 无法加载模块
[ 2014-02-02T19:35:10+08:00 ] ERR: (ThinkException) 无法加载模块
[ 2014-02-02T21:22:56+08:00 ] ERR: (ThinkException) 无法加载模块
[ 2014-02-02T21:22:56+08:00 ] ERR: (ThinkException) 无法加载模块
[ 2014-02-02T21:22:56+08:00 ] ERR: (ThinkException) 无法加载模块
[ 2014-02-02T21:29:53+08:00 ] ERR: (ThinkException) 无法加载模块
[ 2014-02-02T21:29:53+08:00 ] ERR: (ThinkException) 无法加载模块
[ 2014-02-02T21:29:53+08:00 ] ERR: (ThinkException) 无法加载模块
[ 2014-02-02T21:29:54+08:00 ] ERR: (ThinkException) 无法加载模块
[ 2014-02-02T21:30:12+08:00 ] ERR: (ThinkException) 无法加载模块
[ 2014-02-02T21:30:12+08:00 ] ERR: (ThinkException) 无法加载模块
[ 2014-02-02T21:30:12+08:00 ] ERR: (ThinkException) 无法加载模块
[ 2014-02-02T21:38:40+08:00 ] ERR: (ThinkException) 无法加载模块
[ 2014-02-02T21:38:40+08:00 ] ERR: (ThinkException) 无法加载模块
[ 2014-02-02T21:38:40+08:00 ] ERR: (ThinkException) 无法加载模块
[ 2014-02-02T21:38:41+08:00 ] ERR: (ThinkException) 无法加载模块
[ 2014-02-02T21:41:33+08:00 ] ERR: (ThinkException) 无法加载模块
[ 2014-02-02T21:41:33+08:00 ] ERR: (ThinkException) 无法加载模块
[ 2014-02-02T21:41:33+08:00 ] ERR: (ThinkException) 无法加载模块
[ 2014-02-02T21:41:34+08:00 ] ERR: (ThinkException) 无法加载模块
[ 2014-02-02T21:41:34+08:00 ] ERR: (ThinkException) 无法加载模块
[ 2014-02-02T21:41:34+08:00 ] ERR: (ThinkException) 无法加载模块
[ 2014-02-02T21:41:46+08:00 ] ERR: (ThinkException) 无法加载模块
[ 2014-02-02T21:41:46+08:00 ] ERR: (ThinkException) 无法加载模块
[ 2014-02-02T21:41:46+08:00 ] ERR: (ThinkException) 无法加载模块
[ 2014-02-02T21:44:12+08:00 ] ERR: (ThinkException) 无法加载模块
[ 2014-02-02T21:44:12+08:00 ] ERR: (ThinkException) 无法加载模块
[ 2014-02-02T21:44:12+08:00 ] ERR: (ThinkException) 无法加载模块
[ 2014-02-02T21:44:58+08:00 ] ERR: (ThinkException) 无法加载模块
[ 2014-02-02T21:44:58+08:00 ] ERR: (ThinkException) 无法加载模块
[ 2014-02-02T21:44:58+08:00 ] ERR: (ThinkException) 无法加载模块
[ 2014-02-02T21:45:05+08:00 ] ERR: (ThinkException) 无法加载模块
[ 2014-02-02T21:45:05+08:00 ] ERR: (ThinkException) 无法加载模块
[ 2014-02-02T21:45:05+08:00 ] ERR: (ThinkException) 无法加载模块
[ 2014-02-02T23:19:43+08:00 ] ERR: (ThinkException) 无法加载模块
[ 2014-02-02T23:19:43+08:00 ] ERR: (ThinkException) 无法加载模块
[ 2014-02-02T23:19:43+08:00 ] ERR: (ThinkException) 无法加载模块
[ 2014-02-02T23:20:49+08:00 ] ERR: (ThinkException) 无法加载模块
[ 2014-02-02T23:20:49+08:00 ] ERR: (ThinkException) 无法加载模块
[ 2014-02-02T23:20:49+08:00 ] ERR: (ThinkException) 无法加载模块
[ 2014-02-02T23:21:00+08:00 ] ERR: (ThinkException) 无法加载模块
[ 2014-02-02T23:21:00+08:00 ] ERR: (ThinkException) 无法加载模块
[ 2014-02-02T23:21:00+08:00 ] ERR: (ThinkException) 无法加载模块
[ 2014-02-02T23:22:44+08:00 ] ERR: (ThinkException) 无法加载模块
[ 2014-02-02T23:22:44+08:00 ] ERR: (ThinkException) 无法加载模块
[ 2014-02-02T23:22:44+08:00 ] ERR: (ThinkException) 无法加载模块
[ 2014-02-02T23:23:46+08:00 ] ERR: (ThinkException) 无法加载模块
[ 2014-02-02T23:23:46+08:00 ] ERR: (ThinkException) 无法加载模块
[ 2014-02-02T23:23:46+08:00 ] ERR: (ThinkException) 无法加载模块
[ 2014-02-02T23:24:02+08:00 ] ERR: (ThinkException) 无法加载模块
[ 2014-02-02T23:24:02+08:00 ] ERR: (ThinkException) 无法加载模块
[ 2014-02-02T23:24:02+08:00 ] ERR: (ThinkException) 无法加载模块
[ 2014-02-02T23:29:44+08:00 ] ERR: (ThinkException) 无法加载模块
[ 2014-02-02T23:29:45+08:00 ] ERR: (ThinkException) 无法加载模块
[ 2014-02-02T23:29:45+08:00 ] ERR: (ThinkException) 无法加载模块
[ 2014-02-02T23:35:25+08:00 ] ERR: (ThinkException) 无法加载模块
[ 2014-02-02T23:35:25+08:00 ] ERR: (ThinkException) 无法加载模块
[ 2014-02-02T23:35:25+08:00 ] ERR: (ThinkException) 无法加载模块
[ 2014-02-02T23:35:28+08:00 ] ERR: (ThinkException) 无法加载模块
[ 2014-02-02T23:35:28+08:00 ] ERR: (ThinkException) 无法加载模块
[ 2014-02-02T23:35:28+08:00 ] ERR: (ThinkException) 无法加载模块
[ 2014-02-02T23:35:34+08:00 ] ERR: (ThinkException) 无法加载模块
[ 2014-02-02T23:35:34+08:00 ] ERR: (ThinkException) 无法加载模块
[ 2014-02-02T23:35:34+08:00 ] ERR: (ThinkException) 无法加载模块
[ 2014-02-02T23:36:34+08:00 ] ERR: (ThinkException) 无法加载模块
[ 2014-02-02T23:36:34+08:00 ] ERR: (ThinkException) 无法加载模块
[ 2014-02-02T23:36:34+08:00 ] ERR: (ThinkException) 无法加载模块
[ 2014-02-02T23:36:43+08:00 ] ERR: (ThinkException) 非法操作csthoosestu
[ 2014-02-02T23:36:54+08:00 ] ERR: (ThinkException) 无法加载模块
[ 2014-02-02T23:36:54+08:00 ] ERR: (ThinkException) 无法加载模块
[ 2014-02-02T23:36:54+08:00 ] ERR: (ThinkException) 无法加载模块
[ 2014-02-02T23:36:58+08:00 ] ERR: (ThinkException) 无法加载模块
[ 2014-02-02T23:36:58+08:00 ] ERR: (ThinkException) 无法加载模块
[ 2014-02-02T23:36:58+08:00 ] ERR: (ThinkException) 无法加载模块
[ 2014-02-02T23:37:05+08:00 ] ERR: (ThinkException) 无法加载模块
[ 2014-02-02T23:37:05+08:00 ] ERR: (ThinkException) 无法加载模块
[ 2014-02-02T23:37:05+08:00 ] ERR: (ThinkException) 无法加载模块
[ 2014-02-02T23:37:21+08:00 ] ERR: (ThinkException) 无法加载模块Tables
[ 2014-02-02T23:37:25+08:00 ] ERR: (ThinkException) 无法加载模块
[ 2014-02-02T23:37:25+08:00 ] ERR: (ThinkException) 无法加载模块
[ 2014-02-02T23:37:25+08:00 ] ERR: (ThinkException) 无法加载模块
[ 2014-02-02T23:42:49+08:00 ] ERR: (ThinkException) 无法加载模块
[ 2014-02-02T23:42:49+08:00 ] ERR: (ThinkException) 无法加载模块
[ 2014-02-02T23:42:49+08:00 ] ERR: (ThinkException) 无法加载模块
[ 2014-02-02T23:43:14+08:00 ] ERR: (ThinkException) 无法加载模块
[ 2014-02-02T23:43:14+08:00 ] ERR: (ThinkException) 无法加载模块
[ 2014-02-02T23:43:14+08:00 ] ERR: (ThinkException) 无法加载模块
[ 2014-02-02T23:44:05+08:00 ] ERR: (ThinkException) 无法加载模块
[ 2014-02-02T23:44:05+08:00 ] ERR: (ThinkException) 无法加载模块
[ 2014-02-02T23:44:05+08:00 ] ERR: (ThinkException) 无法加载模块
[ 2014-02-02T23:49:18+08:00 ] ERR: (ThinkException) 无法加载模块
[ 2014-02-02T23:49:18+08:00 ] ERR: (ThinkException) 无法加载模块
[ 2014-02-02T23:49:18+08:00 ] ERR: (ThinkException) 无法加载模块
